2024-11-01 14:02:14 [main] INFO  com.koisystem.KoiSystemApplication - Starting KoiSystemApplication using Java 17.0.8 on DESKTOP-S9KQU3O with PID 23344 (F:\HSF\ProjectLab-\hsf24\target\classes started by trung in F:\HSF\ProjectLab-\hsf24)
2024-11-01 14:02:14 [main] INFO  com.koisystem.KoiSystemApplication - No active profile set, falling back to 1 default profile: "default"
2024-11-01 14:02:18 [main] INFO  o.a.catalina.core.StandardService - Starting service [Tomcat]
2024-11-01 14:02:18 [main] INFO  o.a.catalina.core.StandardEngine - Starting Servlet engine: [Apache Tomcat/9.0.63]
2024-11-01 14:02:18 [main] INFO  o.a.c.c.C.[Tomcat].[localhost].[/] - Initializing Spring embedded WebApplicationContext
2024-11-01 14:02:19 [main] INFO  o.h.jpa.internal.util.LogHelper - HHH000204: Processing PersistenceUnitInfo [name: default]
2024-11-01 14:02:19 [main] INFO  org.hibernate.Version - HHH000412: Hibernate ORM core version 5.6.9.Final
2024-11-01 14:02:19 [main] INFO  o.h.annotations.common.Version - HCANN000001: Hibernate Commons Annotations {5.1.2.Final}
2024-11-01 14:02:19 [main] INFO  com.zaxxer.hikari.HikariDataSource - HikariPool-1 - Starting...
2024-11-01 14:02:22 [main] INFO  com.zaxxer.hikari.HikariDataSource - HikariPool-1 - Start completed.
2024-11-01 14:02:22 [main] INFO  org.hibernate.dialect.Dialect - HHH000400: Using dialect: org.hibernate.dialect.MySQL8Dialect
2024-11-01 14:02:32 [main] INFO  o.h.e.t.j.p.i.JtaPlatformInitiator - HHH000490: Using JtaPlatform implementation: [org.hibernate.engine.transaction.jta.platform.internal.NoJtaPlatform]
2024-11-01 14:02:34 [main] WARN  o.s.b.a.s.s.UserDetailsServiceAutoConfiguration - 

Using generated security password: 340802d9-b2e6-4ef0-8525-5fbb8098e951

This generated password is for development use only. Your security configuration must be updated before running your application in production.

2024-11-01 14:02:35 [main] WARN  o.s.b.a.o.j.JpaBaseConfiguration$JpaWebConfiguration - spring.jpa.open-in-view is enabled by default. Therefore, database queries may be performed during view rendering. Explicitly configure spring.jpa.open-in-view to disable this warning
2024-11-01 14:02:37 [main] INFO  com.koisystem.KoiSystemApplication - Started KoiSystemApplication in 23.781 seconds (JVM running for 26.05)
2024-11-01 14:02:37 [main] INFO  com.koisystem.aspect.LoggingAspect - 
=== Method Execution Start ===
Timestamp: 2024-11-01 14:02:37
Package: com.koisystem.repositories
Class: UserRepository
Method: existsByUsername
Return Type: boolean
Parameters: username="admin"
==========================
2024-11-01 14:02:38 [main] INFO  com.koisystem.aspect.LoggingAspect - 
=== Method Execution Success ===
Timestamp: 2024-11-01 14:02:38
Package: com.koisystem.repositories
Class: UserRepository
Method: existsByUsername
Execution Time: 890ms
Return Value: true
=============================
2024-11-01 14:02:38 [main] INFO  com.koisystem.aspect.LoggingAspect - 
=== Method Execution Start ===
Timestamp: 2024-11-01 14:02:38
Package: com.koisystem.repositories
Class: UserRepository
Method: existsByUsername
Return Type: boolean
Parameters: username="sales"
==========================
2024-11-01 14:02:38 [main] INFO  com.koisystem.aspect.LoggingAspect - 
=== Method Execution Success ===
Timestamp: 2024-11-01 14:02:38
Package: com.koisystem.repositories
Class: UserRepository
Method: existsByUsername
Execution Time: 281ms
Return Value: true
=============================
2024-11-01 14:02:38 [main] INFO  com.koisystem.aspect.LoggingAspect - 
=== Method Execution Start ===
Timestamp: 2024-11-01 14:02:38
Package: com.koisystem.repositories
Class: UserRepository
Method: existsByUsername
Return Type: boolean
Parameters: username="consultant"
==========================
2024-11-01 14:02:38 [main] INFO  com.koisystem.aspect.LoggingAspect - 
=== Method Execution Success ===
Timestamp: 2024-11-01 14:02:38
Package: com.koisystem.repositories
Class: UserRepository
Method: existsByUsername
Execution Time: 127ms
Return Value: true
=============================
2024-11-01 14:02:55 [http-nio-8080-exec-1] INFO  o.a.c.c.C.[Tomcat].[localhost].[/] - Initializing Spring DispatcherServlet 'dispatcherServlet'
2024-11-01 14:02:57 [http-nio-8080-exec-9] INFO  o.s.api.AbstractOpenApiResource - Init duration for springdoc-openapi is: 1279 ms
